2026-07-03 20:10:20 [INFO] utils.logger: Logging initialized. Level=INFO, File=/Users/lethienphu/Documents/Studying/Projects/Mechatronics Projects/Computer-Vision based Health Monitoring System/BiomedicalAnalyticsPlatform/src/logs/system.log
2026-07-03 20:10:20 [INFO] __main__: ============================================================
2026-07-03 20:10:20 [INFO] __main__: Starting Biomedical Analytics Layer
2026-07-03 20:10:20 [INFO] __main__: Started at: 2026-07-03T20:10:20
2026-07-03 20:10:20 [INFO] __main__: ============================================================
2026-07-03 20:10:20 [INFO] storage.database: Database initialized at /Users/lethienphu/Documents/Studying/Projects/Mechatronics Projects/Computer-Vision based Health Monitoring System/BiomedicalAnalyticsPlatform/src/data/processed/health_data.db, table 'vitals' ready.
2026-07-03 20:10:20 [INFO] mqtt.mqtt_publisher: [Publisher] Connecting to MQTT broker localhost:1883 ...
2026-07-03 20:10:20 [INFO] __main__: Report scheduler started. Interval: 86400s
2026-07-03 20:10:20 [INFO] mqtt.mqtt_publisher: [Publisher] MQTT Connected successfully.
2026-07-03 20:14:03 [INFO] utils.logger: Logging initialized. Level=INFO, File=/Users/lethienphu/Documents/Studying/Projects/Mechatronics Projects/Computer-Vision based Health Monitoring System/BiomedicalAnalyticsPlatform/src/logs/system.log
2026-07-03 20:14:03 [INFO] __main__: ============================================================
2026-07-03 20:14:03 [INFO] __main__: Starting Biomedical Analytics Layer
2026-07-03 20:14:03 [INFO] __main__: Started at: 2026-07-03T20:14:03
2026-07-03 20:14:03 [INFO] __main__: ============================================================
2026-07-03 20:14:03 [INFO] storage.database: Database initialized at /Users/lethienphu/Documents/Studying/Projects/Mechatronics Projects/Computer-Vision based Health Monitoring System/BiomedicalAnalyticsPlatform/src/data/processed/health_data.db, table 'vitals' ready.
2026-07-03 20:14:03 [INFO] mqtt.mqtt_publisher: [Publisher] Connecting to MQTT broker localhost:1883 ...
2026-07-03 20:14:03 [INFO] __main__: Report scheduler started. Interval: 86400s
2026-07-03 20:14:03 [INFO] mqtt.mqtt_listener: Connecting to MQTT broker localhost:1883 ...
2026-07-03 20:14:03 [INFO] mqtt.mqtt_publisher: [Publisher] MQTT Connected successfully.
2026-07-03 20:14:03 [INFO] mqtt.mqtt_listener: MQTT Connected successfully.
2026-07-03 20:14:03 [INFO] __main__: Stopping MQTT listener and publisher...
2026-07-03 20:14:03 [INFO] mqtt.mqtt_listener: Stopping MQTT listener...
2026-07-03 20:14:03 [INFO] mqtt.mqtt_listener: MQTT disconnected cleanly.
2026-07-03 20:14:04 [INFO] __main__: System stopped cleanly.
2026-07-03 20:14:40 [INFO] utils.logger: Logging initialized. Level=INFO, File=/Users/lethienphu/Documents/Studying/Projects/Mechatronics Projects/Computer-Vision based Health Monitoring System/BiomedicalAnalyticsPlatform/src/logs/system.log
2026-07-03 20:14:40 [INFO] __main__: ============================================================
2026-07-03 20:14:40 [INFO] __main__: Starting Biomedical Analytics Layer
2026-07-03 20:14:40 [INFO] __main__: Started at: 2026-07-03T20:14:40
2026-07-03 20:14:40 [INFO] __main__: ============================================================
2026-07-03 20:14:40 [INFO] storage.database: Database initialized at /Users/lethienphu/Documents/Studying/Projects/Mechatronics Projects/Computer-Vision based Health Monitoring System/BiomedicalAnalyticsPlatform/src/data/processed/health_data.db, table 'vitals' ready.
2026-07-03 20:14:40 [INFO] mqtt.mqtt_publisher: [Publisher] Connecting to MQTT broker localhost:1883 ...
2026-07-03 20:14:40 [INFO] __main__: Report scheduler started. Interval: 86400s
2026-07-03 20:14:40 [INFO] mqtt.mqtt_listener: Connecting to MQTT broker localhost:1883 ...
2026-07-03 20:14:40 [INFO] mqtt.mqtt_publisher: [Publisher] MQTT Connected successfully.
2026-07-03 20:14:40 [INFO] mqtt.mqtt_listener: MQTT Connected successfully.
2026-07-03 20:14:40 [INFO] mqtt.mqtt_listener: Subscribed to topic: vitals/raw
2026-07-03 20:15:48 [INFO] utils.logger: Logging initialized. Level=INFO, File=/Users/lethienphu/Documents/Studying/Projects/Mechatronics Projects/Computer-Vision based Health Monitoring System/BiomedicalAnalyticsPlatform/src/logs/system.log
2026-07-03 20:15:48 [INFO] __main__: ============================================================
2026-07-03 20:15:48 [INFO] __main__: Starting Biomedical Analytics Layer
2026-07-03 20:15:48 [INFO] __main__: Started at: 2026-07-03T20:15:48
2026-07-03 20:15:48 [INFO] __main__: ============================================================
2026-07-03 20:15:48 [INFO] storage.database: Database initialized at /Users/lethienphu/Documents/Studying/Projects/Mechatronics Projects/Computer-Vision based Health Monitoring System/BiomedicalAnalyticsPlatform/src/data/processed/health_data.db, table 'vitals' ready.
2026-07-03 20:15:48 [INFO] mqtt.mqtt_publisher: [Publisher] Connecting to MQTT broker localhost:1883 ...
2026-07-03 20:15:48 [INFO] __main__: Report scheduler started. Interval: 86400s
2026-07-03 20:15:48 [INFO] mqtt.mqtt_publisher: [Publisher] MQTT Connected successfully.
2026-07-03 20:15:48 [INFO] mqtt.mqtt_listener: Connecting to MQTT broker localhost:1883 ...
2026-07-03 20:15:48 [INFO] mqtt.mqtt_listener: MQTT Connected successfully.
2026-07-03 20:15:48 [INFO] mqtt.mqtt_listener: Subscribed to topic: vitals/raw
2026-07-03 20:19:50 [INFO] utils.logger: Logging initialized. Level=INFO, File=/Users/lethienphu/Documents/Studying/Projects/Mechatronics Projects/Computer-Vision based Health Monitoring System/BiomedicalAnalyticsPlatform/src/logs/system.log
2026-07-03 20:19:50 [INFO] __main__: ============================================================
2026-07-03 20:19:50 [INFO] __main__: Starting Biomedical Analytics Layer
2026-07-03 20:19:50 [INFO] __main__: Started at: 2026-07-03T20:19:50
2026-07-03 20:19:50 [INFO] __main__: ============================================================
2026-07-03 20:19:50 [INFO] storage.database: Database initialized at /Users/lethienphu/Documents/Studying/Projects/Mechatronics Projects/Computer-Vision based Health Monitoring System/BiomedicalAnalyticsPlatform/src/data/processed/health_data.db, table 'vitals' ready.
2026-07-03 20:19:50 [INFO] mqtt.mqtt_publisher: [Publisher] Connecting to MQTT broker localhost:1883 ...
2026-07-03 20:19:50 [INFO] __main__: Report scheduler started. Interval: 86400s
2026-07-03 20:19:50 [INFO] mqtt.mqtt_listener: Connecting to MQTT broker localhost:1883 ...
2026-07-03 20:19:50 [INFO] mqtt.mqtt_publisher: [Publisher] MQTT Connected successfully.
2026-07-03 20:19:50 [INFO] mqtt.mqtt_listener: MQTT Connected successfully.
2026-07-03 20:19:50 [INFO] mqtt.mqtt_listener: Subscribed to topic: vitals/raw
2026-07-03 20:26:02 [INFO] utils.logger: Logging initialized. Level=INFO, File=/Users/lethienphu/Documents/Studying/Projects/Mechatronics Projects/Computer-Vision based Health Monitoring System/BiomedicalAnalyticsPlatform/src/logs/system.log
2026-07-03 20:26:02 [INFO] __main__: ============================================================
2026-07-03 20:26:02 [INFO] __main__: Starting Biomedical Analytics Layer
2026-07-03 20:26:02 [INFO] __main__: Started at: 2026-07-03T20:26:02
2026-07-03 20:26:02 [INFO] __main__: ============================================================
2026-07-03 20:26:02 [INFO] storage.database: Database initialized at /Users/lethienphu/Documents/Studying/Projects/Mechatronics Projects/Computer-Vision based Health Monitoring System/BiomedicalAnalyticsPlatform/src/data/processed/health_data.db, table 'vitals' ready.
2026-07-03 20:26:02 [INFO] mqtt.mqtt_publisher: [Publisher] Connecting to MQTT broker localhost:1883 ...
2026-07-03 20:26:02 [INFO] __main__: Report scheduler started. Interval: 86400s
2026-07-03 20:26:02 [INFO] mqtt.mqtt_publisher: [Publisher] MQTT Connected successfully.
2026-07-03 20:26:02 [INFO] mqtt.mqtt_listener: Connecting to MQTT broker localhost:1883 ...
2026-07-03 20:26:02 [INFO] mqtt.mqtt_listener: MQTT Connected successfully.
2026-07-03 20:26:02 [INFO] mqtt.mqtt_listener: Subscribed to topic: vitals/raw
2026-07-03 20:29:58 [INFO] utils.logger: Logging initialized. Level=INFO, File=/Users/lethienphu/Documents/Studying/Projects/Mechatronics Projects/Computer-Vision based Health Monitoring System/BiomedicalAnalyticsPlatform/src/logs/system.log
2026-07-03 20:29:58 [INFO] __main__: ============================================================
2026-07-03 20:29:58 [INFO] __main__: Starting Biomedical Analytics Layer
2026-07-03 20:29:58 [INFO] __main__: Started at: 2026-07-03T20:29:58
2026-07-03 20:29:58 [INFO] __main__: ============================================================
2026-07-03 20:29:58 [INFO] storage.database: Database initialized at /Users/lethienphu/Documents/Studying/Projects/Mechatronics Projects/Computer-Vision based Health Monitoring System/BiomedicalAnalyticsPlatform/src/data/processed/health_data.db, table 'vitals' ready.
2026-07-03 20:29:58 [INFO] mqtt.mqtt_publisher: [Publisher] Connecting to MQTT broker localhost:1883 ...
2026-07-03 20:29:58 [INFO] __main__: Report scheduler started. Interval: 86400s
2026-07-03 20:29:58 [INFO] mqtt.mqtt_publisher: [Publisher] MQTT Connected successfully.
2026-07-03 20:29:58 [INFO] mqtt.mqtt_listener: Connecting to MQTT broker localhost:1883 ...
2026-07-03 20:29:58 [INFO] mqtt.mqtt_listener: MQTT Connected successfully.
2026-07-03 20:29:58 [INFO] mqtt.mqtt_listener: Subscribed to topic: vitals/raw
2026-07-03 20:39:30 [INFO] utils.logger: Logging initialized. Level=INFO, File=/Users/lethienphu/Documents/Studying/Projects/Mechatronics Projects/Computer-Vision based Health Monitoring System/BiomedicalAnalyticsPlatform/src/logs/system.log
2026-07-03 20:39:30 [INFO] __main__: ============================================================
2026-07-03 20:39:30 [INFO] __main__: Starting Biomedical Analytics Layer
2026-07-03 20:39:30 [INFO] __main__: Started at: 2026-07-03T20:39:30
2026-07-03 20:39:30 [INFO] __main__: ============================================================
2026-07-03 20:39:30 [INFO] storage.database: Database initialized at /Users/lethienphu/Documents/Studying/Projects/Mechatronics Projects/Computer-Vision based Health Monitoring System/BiomedicalAnalyticsPlatform/src/data/processed/health_data.db, table 'vitals' ready.
2026-07-03 20:39:30 [INFO] mqtt.mqtt_publisher: [Publisher] Connecting to MQTT broker localhost:1883 ...
2026-07-03 20:39:30 [INFO] __main__: Report scheduler started. Interval: 86400s
2026-07-03 20:39:30 [INFO] mqtt.mqtt_listener: Connecting to MQTT broker localhost:1883 ...
2026-07-03 20:39:30 [INFO] mqtt.mqtt_publisher: [Publisher] MQTT Connected successfully.
2026-07-03 20:39:30 [INFO] mqtt.mqtt_listener: MQTT Connected successfully.
2026-07-03 20:39:30 [INFO] mqtt.mqtt_listener: Subscribed to topic: vitals/raw
2026-07-03 20:42:20 [INFO] utils.logger: Logging initialized. Level=INFO, File=/Users/lethienphu/Documents/Studying/Projects/Mechatronics Projects/Computer-Vision based Health Monitoring System/BiomedicalAnalyticsPlatform/src/logs/system.log
2026-07-03 20:42:20 [INFO] __main__: ============================================================
2026-07-03 20:42:20 [INFO] __main__: Starting Biomedical Analytics Layer
2026-07-03 20:42:20 [INFO] __main__: Started at: 2026-07-03T20:42:20
2026-07-03 20:42:20 [INFO] __main__: ============================================================
2026-07-03 20:42:20 [INFO] storage.database: Database initialized at /Users/lethienphu/Documents/Studying/Projects/Mechatronics Projects/Computer-Vision based Health Monitoring System/BiomedicalAnalyticsPlatform/src/data/processed/health_data.db, table 'vitals' ready.
2026-07-03 20:42:20 [INFO] mqtt.mqtt_publisher: [Publisher] Connecting to MQTT broker localhost:1883 ...
2026-07-03 20:42:20 [INFO] __main__: Report scheduler started. Interval: 86400s
2026-07-03 20:42:20 [INFO] mqtt.mqtt_publisher: [Publisher] MQTT Connected successfully.
2026-07-03 20:42:20 [INFO] mqtt.mqtt_listener: Connecting to MQTT broker localhost:1883 ...
2026-07-03 20:42:20 [INFO] mqtt.mqtt_listener: MQTT Connected successfully.
2026-07-03 20:42:20 [INFO] mqtt.mqtt_listener: Subscribed to topic: vitals/raw
2026-07-04 20:28:26 [INFO] utils.logger: Logging initialized. Level=INFO, File=/Users/lethienphu/Documents/Studying/Projects/Mechatronics Projects/Computer-Vision based Health Monitoring System/BiomedicalAnalyticsPlatform/src/logs/system.log
2026-07-04 20:28:26 [INFO] __main__: ============================================================
2026-07-04 20:28:26 [INFO] __main__: Starting Biomedical Analytics Layer
2026-07-04 20:28:26 [INFO] __main__: Started at: 2026-07-04T20:28:26
2026-07-04 20:28:26 [INFO] __main__: ============================================================
2026-07-04 20:28:26 [INFO] storage.database: Database initialized at /Users/lethienphu/Documents/Studying/Projects/Mechatronics Projects/Computer-Vision based Health Monitoring System/BiomedicalAnalyticsPlatform/src/data/processed/health_data.db, table 'vitals' ready.
2026-07-04 20:28:26 [INFO] mqtt.mqtt_publisher: [Publisher] Connecting to MQTT broker localhost:1883 ...
2026-07-04 20:28:26 [INFO] mqtt.mqtt_publisher: [Publisher] MQTT Connected successfully.
2026-07-04 20:28:26 [INFO] __main__: Report scheduler started. Interval: 86400s
2026-07-04 20:28:26 [INFO] mqtt.mqtt_listener: Connecting to MQTT broker localhost:1883 ...
2026-07-04 20:28:26 [INFO] mqtt.mqtt_listener: MQTT Connected successfully.
2026-07-04 20:28:26 [INFO] mqtt.mqtt_listener: Subscribed to topic: vitals/raw
2026-07-04 20:28:58 [INFO] __main__: Stopping MQTT listener and publisher...
2026-07-04 20:28:58 [INFO] mqtt.mqtt_listener: Stopping MQTT listener...
2026-07-04 20:28:58 [INFO] mqtt.mqtt_listener: MQTT disconnected cleanly.
2026-07-04 20:28:59 [INFO] __main__: System stopped cleanly.
2026-07-04 20:37:03 [INFO] utils.logger: Logging initialized. Level=INFO, File=/Users/lethienphu/Documents/Studying/Projects/Mechatronics Projects/Computer-Vision based Health Monitoring System/BiomedicalAnalyticsPlatform/src/logs/system.log
2026-07-04 20:37:03 [INFO] __main__: ============================================================
2026-07-04 20:37:03 [INFO] __main__: Starting Biomedical Analytics Layer
2026-07-04 20:37:03 [INFO] __main__: Started at: 2026-07-04T20:37:03
2026-07-04 20:37:03 [INFO] __main__: ============================================================
2026-07-04 20:37:03 [INFO] storage.database: Database initialized at /Users/lethienphu/Documents/Studying/Projects/Mechatronics Projects/Computer-Vision based Health Monitoring System/BiomedicalAnalyticsPlatform/src/data/processed/health_data.db, table 'vitals' ready.
2026-07-04 20:37:03 [INFO] mqtt.mqtt_publisher: [Publisher] Connecting to MQTT broker localhost:1883 ...
2026-07-04 20:37:03 [INFO] __main__: Report scheduler started. Interval: 86400s
2026-07-04 20:37:03 [INFO] mqtt.mqtt_listener: Connecting to MQTT broker localhost:1883 ...
2026-07-04 20:37:03 [INFO] mqtt.mqtt_publisher: [Publisher] MQTT Connected successfully.
2026-07-04 20:37:03 [INFO] mqtt.mqtt_listener: MQTT Connected successfully.
2026-07-04 20:37:03 [INFO] mqtt.mqtt_listener: Subscribed to topic: vitals/raw
2026-07-04 20:39:36 [INFO] utils.logger: Logging initialized. Level=INFO, File=/Users/lethienphu/Documents/Studying/Projects/Mechatronics Projects/Computer-Vision based Health Monitoring System/BiomedicalAnalyticsPlatform/src/logs/system.log
2026-07-04 20:39:36 [INFO] __main__: ============================================================
2026-07-04 20:39:36 [INFO] __main__: Starting Biomedical Analytics Layer
2026-07-04 20:39:36 [INFO] __main__: Started at: 2026-07-04T20:39:36
2026-07-04 20:39:36 [INFO] __main__: ============================================================
2026-07-04 20:39:36 [INFO] storage.database: Database initialized at /Users/lethienphu/Documents/Studying/Projects/Mechatronics Projects/Computer-Vision based Health Monitoring System/BiomedicalAnalyticsPlatform/src/data/processed/health_data.db, table 'vitals' ready.
2026-07-04 20:39:36 [INFO] mqtt.mqtt_publisher: [Publisher] Connecting to MQTT broker localhost:1883 ...
2026-07-04 20:39:36 [INFO] __main__: Report scheduler started. Interval: 86400s
2026-07-04 20:39:36 [INFO] mqtt.mqtt_publisher: [Publisher] MQTT Connected successfully.
2026-07-04 20:39:36 [INFO] mqtt.mqtt_listener: Connecting to MQTT broker localhost:1883 ...
2026-07-04 20:39:36 [INFO] mqtt.mqtt_listener: MQTT Connected successfully.
2026-07-04 20:39:36 [INFO] mqtt.mqtt_listener: Subscribed to topic: vitals/raw
2026-07-04 21:56:09 [INFO] utils.logger: Logging initialized. Level=INFO, File=/Users/lethienphu/Documents/Studying/Projects/Mechatronics Projects/Computer-Vision based Health Monitoring System/BiomedicalAnalyticsPlatform/src/logs/system.log
2026-07-04 21:56:09 [INFO] __main__: ============================================================
2026-07-04 21:56:09 [INFO] __main__: Starting Biomedical Analytics Layer
2026-07-04 21:56:09 [INFO] __main__: Started at: 2026-07-04T21:56:09
2026-07-04 21:56:09 [INFO] __main__: ============================================================
2026-07-04 21:56:09 [INFO] storage.database: Database initialized at /Users/lethienphu/Documents/Studying/Projects/Mechatronics Projects/Computer-Vision based Health Monitoring System/BiomedicalAnalyticsPlatform/src/data/processed/health_data.db, table 'vitals' ready.
2026-07-04 21:56:09 [INFO] mqtt.mqtt_publisher: [Publisher] Connecting to MQTT broker localhost:1883 ...
2026-07-04 21:56:09 [INFO] mqtt.mqtt_publisher: [Publisher] MQTT Connected successfully.
2026-07-04 21:56:09 [INFO] __main__: Report scheduler started. Interval: 86400s
2026-07-04 21:56:09 [INFO] mqtt.mqtt_listener: Connecting to MQTT broker localhost:1883 ...
2026-07-04 21:56:09 [INFO] mqtt.mqtt_listener: MQTT Connected successfully.
2026-07-04 21:56:09 [INFO] mqtt.mqtt_listener: Subscribed to topic: vitals/raw
2026-07-04 22:33:45 [INFO] utils.logger: Logging initialized. Level=INFO, File=/Users/lethienphu/Documents/Studying/Projects/Mechatronics Projects/Computer-Vision based Health Monitoring System/BiomedicalAnalyticsPlatform/src/logs/system.log
2026-07-04 22:33:45 [INFO] __main__: ============================================================
2026-07-04 22:33:45 [INFO] __main__: Starting Biomedical Analytics Layer
2026-07-04 22:33:45 [INFO] __main__: Started at: 2026-07-04T22:33:45
2026-07-04 22:33:45 [INFO] __main__: ============================================================
2026-07-04 22:33:45 [INFO] storage.database: Database initialized at /Users/lethienphu/Documents/Studying/Projects/Mechatronics Projects/Computer-Vision based Health Monitoring System/BiomedicalAnalyticsPlatform/src/data/processed/health_data.db, table 'vitals' ready.
2026-07-04 22:33:45 [INFO] mqtt.mqtt_publisher: [Publisher] Connecting to MQTT broker localhost:1883 ...
2026-07-04 22:33:45 [INFO] __main__: Report scheduler started. Interval: 86400s
2026-07-04 22:33:45 [INFO] mqtt.mqtt_listener: Connecting to MQTT broker localhost:1883 ...
2026-07-04 22:33:45 [INFO] mqtt.mqtt_publisher: [Publisher] MQTT Connected successfully.
2026-07-04 22:33:45 [INFO] mqtt.mqtt_listener: MQTT Connected successfully.
2026-07-04 22:33:45 [INFO] mqtt.mqtt_listener: Subscribed to topic: vitals/raw
2026-07-04 22:37:06 [INFO] utils.logger: Logging initialized. Level=INFO, File=/Users/lethienphu/Documents/Studying/Projects/Mechatronics Projects/Computer-Vision based Health Monitoring System/BiomedicalAnalyticsPlatform/src/logs/system.log
2026-07-04 22:37:06 [INFO] __main__: ============================================================
2026-07-04 22:37:06 [INFO] __main__: Starting Biomedical Analytics Layer
2026-07-04 22:37:06 [INFO] __main__: Started at: 2026-07-04T22:37:06
2026-07-04 22:37:06 [INFO] __main__: ============================================================
2026-07-04 22:37:06 [INFO] storage.database: Database initialized at /Users/lethienphu/Documents/Studying/Projects/Mechatronics Projects/Computer-Vision based Health Monitoring System/BiomedicalAnalyticsPlatform/src/data/processed/health_data.db, table 'vitals' ready.
2026-07-04 22:37:06 [INFO] mqtt.mqtt_publisher: [Publisher] Connecting to MQTT broker localhost:1883 ...
2026-07-04 22:37:06 [INFO] __main__: Report scheduler started. Interval: 86400s
2026-07-04 22:37:06 [INFO] mqtt.mqtt_listener: Connecting to MQTT broker localhost:1883 ...
2026-07-04 22:37:06 [INFO] mqtt.mqtt_publisher: [Publisher] MQTT Connected successfully.
2026-07-04 22:37:06 [INFO] mqtt.mqtt_listener: MQTT Connected successfully.
2026-07-04 22:37:06 [INFO] mqtt.mqtt_listener: Subscribed to topic: vitals/raw
2026-07-04 22:42:44 [INFO] utils.logger: Logging initialized. Level=INFO, File=/Users/lethienphu/Documents/Studying/Projects/Mechatronics Projects/Computer-Vision based Health Monitoring System/BiomedicalAnalyticsPlatform/src/logs/system.log
2026-07-04 22:42:44 [INFO] __main__: ============================================================
2026-07-04 22:42:44 [INFO] __main__: Starting Biomedical Analytics Layer
2026-07-04 22:42:44 [INFO] __main__: Started at: 2026-07-04T22:42:44
2026-07-04 22:42:44 [INFO] __main__: ============================================================
2026-07-04 22:42:44 [INFO] storage.database: Database initialized at /Users/lethienphu/Documents/Studying/Projects/Mechatronics Projects/Computer-Vision based Health Monitoring System/BiomedicalAnalyticsPlatform/src/data/processed/health_data.db, table 'vitals' ready.
2026-07-04 22:42:44 [INFO] mqtt.mqtt_publisher: [Publisher] Connecting to MQTT broker localhost:1883 ...
2026-07-04 22:42:44 [INFO] __main__: Report scheduler started. Interval: 86400s
2026-07-04 22:42:44 [INFO] mqtt.mqtt_listener: Connecting to MQTT broker localhost:1883 ...
2026-07-04 22:42:44 [INFO] mqtt.mqtt_publisher: [Publisher] MQTT Connected successfully.
2026-07-04 22:42:44 [INFO] mqtt.mqtt_listener: MQTT Connected successfully.
2026-07-04 22:42:44 [INFO] mqtt.mqtt_listener: Subscribed to topic: vitals/raw
2026-07-05 20:21:33 [INFO] utils.logger: Logging initialized. Level=INFO, File=/Users/lethienphu/Documents/Studying/Projects/Mechatronics Projects/Computer-Vision based Health Monitoring System/BiomedicalAnalyticsPlatform/src/logs/system.log
2026-07-05 20:21:33 [INFO] __main__: ============================================================
2026-07-05 20:21:33 [INFO] __main__: Starting Biomedical Analytics Layer
2026-07-05 20:21:33 [INFO] __main__: Started at: 2026-07-05T20:21:33
2026-07-05 20:21:33 [INFO] __main__: ============================================================
2026-07-05 20:21:33 [INFO] storage.database: Database initialized at /Users/lethienphu/Documents/Studying/Projects/Mechatronics Projects/Computer-Vision based Health Monitoring System/BiomedicalAnalyticsPlatform/src/data/processed/health_data.db, table 'vitals' ready.
2026-07-05 20:21:33 [INFO] mqtt.mqtt_publisher: [Publisher] Connecting to MQTT broker localhost:1883 ...
2026-07-05 20:21:33 [INFO] __main__: Report scheduler started. Interval: 86400s
2026-07-05 20:21:33 [INFO] mqtt.mqtt_publisher: [Publisher] MQTT Connected successfully.
2026-07-05 20:21:33 [INFO] mqtt.mqtt_listener: Connecting to MQTT broker localhost:1883 ...
2026-07-05 20:21:33 [INFO] mqtt.mqtt_listener: MQTT Connected successfully.
2026-07-05 20:21:33 [INFO] mqtt.mqtt_listener: Subscribed to topic: vitals/raw
2026-07-05 20:22:17 [INFO] __main__: Stopping MQTT listener and publisher...
2026-07-05 20:22:17 [INFO] mqtt.mqtt_listener: Stopping MQTT listener...
2026-07-05 20:22:17 [INFO] mqtt.mqtt_listener: MQTT disconnected cleanly.
2026-07-05 20:22:18 [INFO] __main__: System stopped cleanly.
2026-07-05 20:29:04 [INFO] utils.logger: Logging initialized. Level=INFO, File=/Users/lethienphu/Documents/Studying/Projects/Mechatronics Projects/Computer-Vision based Health Monitoring System/BiomedicalAnalyticsPlatform/src/logs/system.log
2026-07-05 20:29:04 [INFO] __main__: ============================================================
2026-07-05 20:29:04 [INFO] __main__: Starting Biomedical Analytics Layer
2026-07-05 20:29:04 [INFO] __main__: Started at: 2026-07-05T20:29:04
2026-07-05 20:29:04 [INFO] __main__: ============================================================
2026-07-05 20:29:04 [INFO] storage.database: Database initialized at /Users/lethienphu/Documents/Studying/Projects/Mechatronics Projects/Computer-Vision based Health Monitoring System/BiomedicalAnalyticsPlatform/src/data/processed/health_data.db, table 'vitals' ready.
2026-07-05 20:29:04 [INFO] mqtt.mqtt_publisher: [Publisher] Connecting to MQTT broker localhost:1883 ...
2026-07-05 20:29:04 [INFO] __main__: Report scheduler started. Interval: 86400s
2026-07-05 20:29:04 [INFO] mqtt.mqtt_listener: Connecting to MQTT broker localhost:1883 ...
2026-07-05 20:29:04 [INFO] mqtt.mqtt_publisher: [Publisher] MQTT Connected successfully.
2026-07-05 20:29:04 [INFO] mqtt.mqtt_listener: MQTT Connected successfully.
2026-07-05 20:29:04 [INFO] mqtt.mqtt_listener: Subscribed to topic: vitals/raw
2026-07-05 20:29:37 [INFO] mqtt.mqtt_listener: Received data: {'heartRate': 46.2, 'confidence': 26.0, 'received_at': '2026-07-05T20:29:37'}
2026-07-05 20:29:37 [INFO] analytics.risk_assessment: Risk assessed as 'Low Heart Rate' (points=2). Reasons: ['Heart rate low: 46.2 BPM']
2026-07-05 20:29:37 [INFO] __main__: Processed record_id=1 | HR=46.2 | Confidence=26.0 | HealthScore=44.8 RiskLevel=Low Heart Rate Status=LOW
2026-07-05 20:29:39 [INFO] mqtt.mqtt_listener: Received data: {'heartRate': 47.7, 'confidence': 29.0, 'received_at': '2026-07-05T20:29:39'}
2026-07-05 20:29:39 [INFO] analytics.risk_assessment: Risk assessed as 'Low Heart Rate' (points=2). Reasons: ['Heart rate low: 47.7 BPM']
2026-07-05 20:29:40 [INFO] __main__: Processed record_id=2 | HR=47.7 | Confidence=29.0 | HealthScore=50.1 RiskLevel=Low Heart Rate Status=LOW
2026-07-05 20:29:42 [INFO] mqtt.mqtt_listener: Received data: {'heartRate': 48.9, 'confidence': 20.0, 'received_at': '2026-07-05T20:29:42'}
2026-07-05 20:29:42 [INFO] analytics.risk_assessment: Risk assessed as 'Low Heart Rate' (points=2). Reasons: ['Heart rate low: 48.9 BPM']
2026-07-05 20:29:42 [INFO] __main__: Processed record_id=3 | HR=48.9 | Confidence=20.0 | HealthScore=54.5 RiskLevel=Low Heart Rate Status=LOW
2026-07-05 20:29:44 [INFO] mqtt.mqtt_listener: Received data: {'heartRate': 50.9, 'confidence': 23.0, 'received_at': '2026-07-05T20:29:44'}
2026-07-05 20:29:44 [INFO] analytics.risk_assessment: Risk assessed as 'Low Heart Rate' (points=2). Reasons: ['Heart rate low: 50.9 BPM']
2026-07-05 20:29:44 [INFO] __main__: Processed record_id=4 | HR=50.9 | Confidence=23.0 | HealthScore=61.9 RiskLevel=Low Heart Rate Status=LOW
2026-07-05 20:29:46 [INFO] mqtt.mqtt_listener: Received data: {'heartRate': 63.8, 'confidence': 18.0, 'received_at': '2026-07-05T20:29:46'}
2026-07-05 20:29:46 [INFO] __main__: Processed record_id=5 | HR=63.8 | Confidence=18.0 | HealthScore=93.7 RiskLevel=Normal Status=NORMAL
2026-07-05 20:29:48 [INFO] mqtt.mqtt_listener: Received data: {'heartRate': 76.0, 'confidence': 15.0, 'received_at': '2026-07-05T20:29:48'}
2026-07-05 20:29:48 [INFO] analytics.trend_analysis: Significant trend detected for 'heartRate': increasing for 5 consecutive readings.
2026-07-05 20:29:48 [INFO] analytics.risk_assessment: Risk assessed as 'High Risk' (points=3). Reasons: ['Heart rate trending up for 5 consecutive readings']
2026-07-05 20:29:48 [INFO] __main__: Processed record_id=6 | HR=76.0 | Confidence=15.0 | HealthScore=89.2 RiskLevel=High Risk Status=HIGH_RISK
2026-07-05 20:29:50 [INFO] mqtt.mqtt_listener: Received data: {'heartRate': 87.8, 'confidence': 14.0, 'received_at': '2026-07-05T20:29:50'}
2026-07-05 20:29:50 [INFO] analytics.trend_analysis: Significant trend detected for 'heartRate': increasing for 6 consecutive readings.
2026-07-05 20:29:50 [INFO] analytics.risk_assessment: Risk assessed as 'High Risk' (points=3). Reasons: ['Heart rate trending up for 6 consecutive readings']
2026-07-05 20:29:50 [INFO] __main__: Processed record_id=7 | HR=87.8 | Confidence=14.0 | HealthScore=84.9 RiskLevel=High Risk Status=HIGH_RISK
2026-07-05 20:29:52 [INFO] mqtt.mqtt_listener: Received data: {'heartRate': 87.8, 'confidence': 14.0, 'received_at': '2026-07-05T20:29:52'}
2026-07-05 20:29:52 [INFO] __main__: Processed record_id=8 | HR=87.8 | Confidence=14.0 | HealthScore=83.2 RiskLevel=Normal Status=NORMAL
2026-07-05 20:29:54 [INFO] mqtt.mqtt_listener: Received data: {'heartRate': 73.9, 'confidence': 18.0, 'received_at': '2026-07-05T20:29:54'}
2026-07-05 20:29:54 [INFO] __main__: Processed record_id=9 | HR=73.9 | Confidence=18.0 | HealthScore=83.8 RiskLevel=Normal Status=NORMAL
2026-07-05 20:29:56 [INFO] mqtt.mqtt_listener: Received data: {'heartRate': 60.1, 'confidence': 26.0, 'received_at': '2026-07-05T20:29:56'}
2026-07-05 20:29:56 [INFO] __main__: Processed record_id=10 | HR=60.1 | Confidence=26.0 | HealthScore=84.6 RiskLevel=Normal Status=NORMAL
2026-07-05 20:29:58 [INFO] mqtt.mqtt_listener: Received data: {'heartRate': 46.2, 'confidence': 43.0, 'received_at': '2026-07-05T20:29:58'}
2026-07-05 20:29:58 [INFO] analytics.risk_assessment: Risk assessed as 'Low Heart Rate' (points=2). Reasons: ['Heart rate low: 46.2 BPM']
2026-07-05 20:29:58 [INFO] __main__: Processed record_id=11 | HR=46.2 | Confidence=43.0 | HealthScore=29.4 RiskLevel=Low Heart Rate Status=LOW
2026-07-05 20:30:00 [INFO] mqtt.mqtt_listener: Received data: {'heartRate': 46.2, 'confidence': 45.0, 'received_at': '2026-07-05T20:30:00'}
2026-07-05 20:30:00 [INFO] analytics.risk_assessment: Risk assessed as 'Low Heart Rate' (points=2). Reasons: ['Heart rate low: 46.2 BPM']
2026-07-05 20:30:00 [INFO] __main__: Processed record_id=12 | HR=46.2 | Confidence=45.0 | HealthScore=29.2 RiskLevel=Low Heart Rate Status=LOW
2026-07-05 20:30:02 [INFO] mqtt.mqtt_listener: Received data: {'heartRate': 46.2, 'confidence': 43.0, 'received_at': '2026-07-05T20:30:02'}
2026-07-05 20:30:02 [INFO] analytics.risk_assessment: Risk assessed as 'Low Heart Rate' (points=2). Reasons: ['Heart rate low: 46.2 BPM']
2026-07-05 20:30:02 [INFO] __main__: Processed record_id=13 | HR=46.2 | Confidence=43.0 | HealthScore=29.0 RiskLevel=Low Heart Rate Status=LOW
2026-07-05 20:30:04 [INFO] mqtt.mqtt_listener: Received data: {'heartRate': 46.2, 'confidence': 36.0, 'received_at': '2026-07-05T20:30:04'}
2026-07-05 20:30:04 [INFO] analytics.risk_assessment: Risk assessed as 'Low Heart Rate' (points=2). Reasons: ['Heart rate low: 46.2 BPM']
2026-07-05 20:30:04 [INFO] __main__: Processed record_id=14 | HR=46.2 | Confidence=36.0 | HealthScore=28.5 RiskLevel=Low Heart Rate Status=LOW
2026-07-05 20:30:06 [INFO] mqtt.mqtt_listener: Received data: {'heartRate': 46.2, 'confidence': 23.0, 'received_at': '2026-07-05T20:30:06'}
2026-07-05 20:30:06 [INFO] analytics.risk_assessment: Risk assessed as 'Low Heart Rate' (points=2). Reasons: ['Heart rate low: 46.2 BPM']
2026-07-05 20:30:06 [INFO] __main__: Processed record_id=15 | HR=46.2 | Confidence=23.0 | HealthScore=27.7 RiskLevel=Low Heart Rate Status=LOW
2026-07-05 20:30:08 [INFO] mqtt.mqtt_listener: Received data: {'heartRate': 47.8, 'confidence': 19.0, 'received_at': '2026-07-05T20:30:08'}
2026-07-05 20:30:08 [INFO] analytics.risk_assessment: Risk assessed as 'Low Heart Rate' (points=2). Reasons: ['Heart rate low: 47.8 BPM']
2026-07-05 20:30:08 [INFO] __main__: Processed record_id=16 | HR=47.8 | Confidence=19.0 | HealthScore=34.4 RiskLevel=Low Heart Rate Status=LOW
2026-07-05 20:30:10 [INFO] mqtt.mqtt_listener: Received data: {'heartRate': 55.5, 'confidence': 14.0, 'received_at': '2026-07-05T20:30:10'}
2026-07-05 20:30:10 [INFO] analytics.risk_assessment: Risk assessed as 'Low Heart Rate' (points=2). Reasons: ['Heart rate low: 55.5 BPM']
2026-07-05 20:30:10 [INFO] __main__: Processed record_id=17 | HR=55.5 | Confidence=14.0 | HealthScore=68.2 RiskLevel=Low Heart Rate Status=LOW
2026-07-05 20:30:12 [INFO] mqtt.mqtt_listener: Received data: {'heartRate': 61.7, 'confidence': 23.0, 'received_at': '2026-07-05T20:30:12'}
2026-07-05 20:30:12 [INFO] __main__: Processed record_id=18 | HR=61.7 | Confidence=23.0 | HealthScore=90.9 RiskLevel=Normal Status=NORMAL
2026-07-05 20:30:14 [INFO] mqtt.mqtt_listener: Received data: {'heartRate': 66.3, 'confidence': 25.0, 'received_at': '2026-07-05T20:30:14'}
2026-07-05 20:30:14 [INFO] __main__: Processed record_id=19 | HR=66.3 | Confidence=25.0 | HealthScore=92.5 RiskLevel=Normal Status=NORMAL
2026-07-05 20:30:16 [INFO] mqtt.mqtt_listener: Received data: {'heartRate': 64.8, 'confidence': 21.0, 'received_at': '2026-07-05T20:30:16'}
2026-07-05 20:30:16 [INFO] __main__: Processed record_id=20 | HR=64.8 | Confidence=21.0 | HealthScore=91.9 RiskLevel=Normal Status=NORMAL
2026-07-05 20:30:18 [INFO] mqtt.mqtt_listener: Received data: {'heartRate': 61.8, 'confidence': 20.0, 'received_at': '2026-07-05T20:30:18'}
2026-07-05 20:30:18 [INFO] __main__: Processed record_id=21 | HR=61.8 | Confidence=20.0 | HealthScore=91.8 RiskLevel=Normal Status=NORMAL
2026-07-05 20:30:20 [INFO] mqtt.mqtt_listener: Received data: {'heartRate': 58.7, 'confidence': 21.0, 'received_at': '2026-07-05T20:30:20'}
2026-07-05 20:30:20 [INFO] analytics.risk_assessment: Risk assessed as 'Low Heart Rate' (points=2). Reasons: ['Heart rate low: 58.7 BPM']
2026-07-05 20:30:20 [INFO] __main__: Processed record_id=22 | HR=58.7 | Confidence=21.0 | HealthScore=87.0 RiskLevel=Low Heart Rate Status=LOW
2026-07-05 20:30:22 [INFO] mqtt.mqtt_listener: Received data: {'heartRate': 54.0, 'confidence': 39.0, 'received_at': '2026-07-05T20:30:22'}
2026-07-05 20:30:22 [INFO] analytics.risk_assessment: Risk assessed as 'Low Heart Rate' (points=2). Reasons: ['Heart rate low: 54.0 BPM']
2026-07-05 20:30:22 [INFO] __main__: Processed record_id=23 | HR=54.0 | Confidence=39.0 | HealthScore=68.8 RiskLevel=Low Heart Rate Status=LOW
2026-07-05 20:30:24 [INFO] mqtt.mqtt_listener: Received data: {'heartRate': 52.5, 'confidence': 34.0, 'received_at': '2026-07-05T20:30:24'}
2026-07-05 20:30:24 [INFO] analytics.trend_analysis: Significant trend detected for 'heartRate': decreasing for 5 consecutive readings.
2026-07-05 20:30:24 [INFO] analytics.risk_assessment: Risk assessed as 'High Risk' (points=4). Reasons: ['Heart rate low: 52.5 BPM', 'Heart rate trending down for 5 consecutive readings']
2026-07-05 20:30:24 [INFO] __main__: Processed record_id=24 | HR=52.5 | Confidence=34.0 | HealthScore=63.5 RiskLevel=High Risk Status=HIGH_RISK
2026-07-05 20:30:26 [INFO] mqtt.mqtt_listener: Received data: {'heartRate': 50.9, 'confidence': 23.0, 'received_at': '2026-07-05T20:30:26'}
2026-07-05 20:30:26 [INFO] analytics.trend_analysis: Significant trend detected for 'heartRate': decreasing for 6 consecutive readings.
2026-07-05 20:30:26 [INFO] analytics.risk_assessment: Risk assessed as 'High Risk' (points=4). Reasons: ['Heart rate low: 50.9 BPM', 'Heart rate trending down for 6 consecutive readings']
2026-07-05 20:30:26 [INFO] __main__: Processed record_id=25 | HR=50.9 | Confidence=23.0 | HealthScore=57.7 RiskLevel=High Risk Status=HIGH_RISK
2026-07-05 20:30:28 [INFO] mqtt.mqtt_listener: Received data: {'heartRate': 49.4, 'confidence': 20.0, 'received_at': '2026-07-05T20:30:28'}
2026-07-05 20:30:28 [INFO] analytics.trend_analysis: Significant trend detected for 'heartRate': decreasing for 7 consecutive readings.
2026-07-05 20:30:28 [INFO] analytics.risk_assessment: Risk assessed as 'High Risk' (points=4). Reasons: ['Heart rate low: 49.4 BPM', 'Heart rate trending down for 7 consecutive readings']
2026-07-05 20:30:28 [INFO] __main__: Processed record_id=26 | HR=49.4 | Confidence=20.0 | HealthScore=51.9 RiskLevel=High Risk Status=HIGH_RISK
2026-07-05 20:30:28 [WARNING] alerts.alert_manager: [ALERT] HIGH_RISK: Overall risk level is High Risk. Reasons: ['Heart rate low: 49.4 BPM', 'Heart rate trending down for 7 consecutive readings']
2026-07-05 20:30:30 [INFO] mqtt.mqtt_listener: Received data: {'heartRate': 47.9, 'confidence': 30.0, 'received_at': '2026-07-05T20:30:30'}
2026-07-05 20:30:30 [INFO] analytics.trend_analysis: Significant trend detected for 'heartRate': decreasing for 8 consecutive readings.
2026-07-05 20:30:30 [INFO] analytics.risk_assessment: Risk assessed as 'High Risk' (points=4). Reasons: ['Heart rate low: 47.9 BPM', 'Heart rate trending down for 8 consecutive readings']
2026-07-05 20:30:30 [INFO] __main__: Processed record_id=27 | HR=47.9 | Confidence=30.0 | HealthScore=45.3 RiskLevel=High Risk Status=HIGH_RISK
2026-07-05 20:30:32 [INFO] mqtt.mqtt_listener: Received data: {'heartRate': 47.0, 'confidence': 20.0, 'received_at': '2026-07-05T20:30:32'}
2026-07-05 20:30:32 [INFO] analytics.risk_assessment: Risk assessed as 'Low Heart Rate' (points=2). Reasons: ['Heart rate low: 47.0 BPM']
2026-07-05 20:30:32 [INFO] __main__: Processed record_id=28 | HR=47.0 | Confidence=20.0 | HealthScore=41.3 RiskLevel=Low Heart Rate Status=LOW
2026-07-05 20:30:34 [INFO] mqtt.mqtt_listener: Received data: {'heartRate': 48.4, 'confidence': 21.0, 'received_at': '2026-07-05T20:30:34'}
2026-07-05 20:30:34 [INFO] analytics.risk_assessment: Risk assessed as 'Low Heart Rate' (points=2). Reasons: ['Heart rate low: 48.4 BPM']
2026-07-05 20:30:34 [INFO] __main__: Processed record_id=29 | HR=48.4 | Confidence=21.0 | HealthScore=47.7 RiskLevel=Low Heart Rate Status=LOW
2026-07-05 20:30:36 [INFO] mqtt.mqtt_listener: Received data: {'heartRate': 52.4, 'confidence': 17.0, 'received_at': '2026-07-05T20:30:36'}
2026-07-05 20:30:36 [INFO] analytics.risk_assessment: Risk assessed as 'Low Heart Rate' (points=2). Reasons: ['Heart rate low: 52.4 BPM']
2026-07-05 20:30:36 [INFO] __main__: Processed record_id=30 | HR=52.4 | Confidence=17.0 | HealthScore=65.0 RiskLevel=Low Heart Rate Status=LOW
2026-07-05 20:30:38 [INFO] mqtt.mqtt_listener: Received data: {'heartRate': 51.4, 'confidence': 19.0, 'received_at': '2026-07-05T20:30:38'}
2026-07-05 20:30:38 [INFO] analytics.risk_assessment: Risk assessed as 'Low Heart Rate' (points=2). Reasons: ['Heart rate low: 51.4 BPM']
2026-07-05 20:30:38 [INFO] __main__: Processed record_id=31 | HR=51.4 | Confidence=19.0 | HealthScore=62.3 RiskLevel=Low Heart Rate Status=LOW
2026-07-05 20:30:40 [INFO] mqtt.mqtt_listener: Received data: {'heartRate': 52.3, 'confidence': 20.0, 'received_at': '2026-07-05T20:30:40'}
2026-07-05 20:30:40 [INFO] analytics.risk_assessment: Risk assessed as 'Low Heart Rate' (points=2). Reasons: ['Heart rate low: 52.3 BPM']
2026-07-05 20:30:40 [INFO] __main__: Processed record_id=32 | HR=52.3 | Confidence=20.0 | HealthScore=67.0 RiskLevel=Low Heart Rate Status=LOW
2026-07-05 20:30:42 [INFO] mqtt.mqtt_listener: Received data: {'heartRate': 50.8, 'confidence': 21.0, 'received_at': '2026-07-05T20:30:42'}
2026-07-05 20:30:42 [INFO] analytics.risk_assessment: Risk assessed as 'Low Heart Rate' (points=2). Reasons: ['Heart rate low: 50.8 BPM']
2026-07-05 20:30:42 [INFO] __main__: Processed record_id=33 | HR=50.8 | Confidence=21.0 | HealthScore=61.3 RiskLevel=Low Heart Rate Status=LOW
2026-07-05 20:30:44 [INFO] mqtt.mqtt_listener: Received data: {'heartRate': 53.8, 'confidence': 16.0, 'received_at': '2026-07-05T20:30:44'}
2026-07-05 20:30:44 [INFO] analytics.risk_assessment: Risk assessed as 'Low Heart Rate' (points=2). Reasons: ['Heart rate low: 53.8 BPM']
2026-07-05 20:30:44 [INFO] __main__: Processed record_id=34 | HR=53.8 | Confidence=16.0 | HealthScore=73.1 RiskLevel=Low Heart Rate Status=LOW
2026-07-05 20:30:46 [INFO] mqtt.mqtt_listener: Received data: {'heartRate': 52.0, 'confidence': 12.0, 'received_at': '2026-07-05T20:30:46'}
2026-07-05 20:30:46 [INFO] analytics.risk_assessment: Risk assessed as 'Low Heart Rate' (points=2). Reasons: ['Heart rate low: 52.0 BPM']
2026-07-05 20:30:46 [INFO] __main__: Processed record_id=35 | HR=52.0 | Confidence=12.0 | HealthScore=65.9 RiskLevel=Low Heart Rate Status=LOW
2026-07-05 20:30:48 [INFO] mqtt.mqtt_listener: Received data: {'heartRate': 49.9, 'confidence': 29.0, 'received_at': '2026-07-05T20:30:48'}
2026-07-05 20:30:48 [INFO] analytics.risk_assessment: Risk assessed as 'Low Heart Rate' (points=2). Reasons: ['Heart rate low: 49.9 BPM']
2026-07-05 20:30:48 [INFO] __main__: Processed record_id=36 | HR=49.9 | Confidence=29.0 | HealthScore=57.5 RiskLevel=Low Heart Rate Status=LOW
2026-07-05 20:30:50 [INFO] mqtt.mqtt_listener: Received data: {'heartRate': 48.0, 'confidence': 29.0, 'received_at': '2026-07-05T20:30:50'}
2026-07-05 20:30:50 [INFO] analytics.risk_assessment: Risk assessed as 'Low Heart Rate' (points=2). Reasons: ['Heart rate low: 48.0 BPM']
2026-07-05 20:30:50 [INFO] __main__: Processed record_id=37 | HR=48.0 | Confidence=29.0 | HealthScore=49.9 RiskLevel=Low Heart Rate Status=LOW
2026-07-05 20:30:52 [INFO] mqtt.mqtt_listener: Received data: {'heartRate': 51.2, 'confidence': 19.0, 'received_at': '2026-07-05T20:30:52'}
2026-07-05 20:30:52 [INFO] analytics.risk_assessment: Risk assessed as 'Low Heart Rate' (points=2). Reasons: ['Heart rate low: 51.2 BPM']
2026-07-05 20:30:52 [INFO] __main__: Processed record_id=38 | HR=51.2 | Confidence=19.0 | HealthScore=63.1 RiskLevel=Low Heart Rate Status=LOW
2026-07-05 20:30:54 [INFO] mqtt.mqtt_listener: Received data: {'heartRate': 51.7, 'confidence': 22.0, 'received_at': '2026-07-05T20:30:54'}
2026-07-05 20:30:54 [INFO] analytics.risk_assessment: Risk assessed as 'Low Heart Rate' (points=2). Reasons: ['Heart rate low: 51.7 BPM']
2026-07-05 20:30:54 [INFO] __main__: Processed record_id=39 | HR=51.7 | Confidence=22.0 | HealthScore=65.3 RiskLevel=Low Heart Rate Status=LOW
2026-07-05 20:30:56 [INFO] mqtt.mqtt_listener: Received data: {'heartRate': 65.7, 'confidence': 15.0, 'received_at': '2026-07-05T20:30:56'}
2026-07-05 20:30:56 [INFO] __main__: Processed record_id=40 | HR=65.7 | Confidence=15.0 | HealthScore=95.4 RiskLevel=Normal Status=NORMAL
2026-07-05 20:30:58 [INFO] mqtt.mqtt_listener: Received data: {'heartRate': 73.5, 'confidence': 24.0, 'received_at': '2026-07-05T20:30:58'}
2026-07-05 20:30:58 [INFO] __main__: Processed record_id=41 | HR=73.5 | Confidence=24.0 | HealthScore=92.3 RiskLevel=Normal Status=NORMAL
2026-07-05 20:31:01 [INFO] mqtt.mqtt_listener: Received data: {'heartRate': 83.0, 'confidence': 23.0, 'received_at': '2026-07-05T20:31:01'}
2026-07-05 20:31:01 [INFO] __main__: Processed record_id=42 | HR=83.0 | Confidence=23.0 | HealthScore=88.7 RiskLevel=Normal Status=NORMAL
2026-07-05 20:31:03 [INFO] mqtt.mqtt_listener: Received data: {'heartRate': 76.6, 'confidence': 13.0, 'received_at': '2026-07-05T20:31:03'}
2026-07-05 20:31:03 [INFO] __main__: Processed record_id=43 | HR=76.6 | Confidence=13.0 | HealthScore=87.7 RiskLevel=Normal Status=NORMAL
2026-07-05 20:31:05 [INFO] mqtt.mqtt_listener: Received data: {'heartRate': 72.7, 'confidence': 16.0, 'received_at': '2026-07-05T20:31:05'}
2026-07-05 20:31:05 [INFO] __main__: Processed record_id=44 | HR=72.7 | Confidence=16.0 | HealthScore=87.4 RiskLevel=Normal Status=NORMAL
2026-07-05 20:31:07 [INFO] mqtt.mqtt_listener: Received data: {'heartRate': 69.7, 'confidence': 13.0, 'received_at': '2026-07-05T20:31:07'}
2026-07-05 20:31:07 [INFO] __main__: Processed record_id=45 | HR=69.7 | Confidence=13.0 | HealthScore=87.8 RiskLevel=Normal Status=NORMAL
2026-07-05 20:31:09 [INFO] mqtt.mqtt_listener: Received data: {'heartRate': 67.8, 'confidence': 12.0, 'received_at': '2026-07-05T20:31:09'}
2026-07-05 20:31:09 [INFO] __main__: Processed record_id=46 | HR=67.8 | Confidence=12.0 | HealthScore=88.7 RiskLevel=Normal Status=NORMAL
2026-07-05 20:31:11 [INFO] mqtt.mqtt_listener: Received data: {'heartRate': 69.4, 'confidence': 16.0, 'received_at': '2026-07-05T20:31:11'}
2026-07-05 20:31:11 [INFO] __main__: Processed record_id=47 | HR=69.4 | Confidence=16.0 | HealthScore=90.5 RiskLevel=Normal Status=NORMAL
2026-07-05 20:31:13 [INFO] mqtt.mqtt_listener: Received data: {'heartRate': 70.9, 'confidence': 20.0, 'received_at': '2026-07-05T20:31:13'}
2026-07-05 20:31:13 [INFO] __main__: Processed record_id=48 | HR=70.9 | Confidence=20.0 | HealthScore=92.3 RiskLevel=Normal Status=NORMAL
2026-07-05 20:31:15 [INFO] mqtt.mqtt_listener: Received data: {'heartRate': 72.4, 'confidence': 19.0, 'received_at': '2026-07-05T20:31:15'}
2026-07-05 20:31:15 [INFO] __main__: Processed record_id=49 | HR=72.4 | Confidence=19.0 | HealthScore=95.4 RiskLevel=Normal Status=NORMAL
2026-07-05 20:31:17 [INFO] mqtt.mqtt_listener: Received data: {'heartRate': 69.3, 'confidence': 21.0, 'received_at': '2026-07-05T20:31:17'}
2026-07-05 20:31:17 [INFO] __main__: Processed record_id=50 | HR=69.3 | Confidence=21.0 | HealthScore=95.8 RiskLevel=Normal Status=NORMAL
2026-07-05 20:31:19 [INFO] mqtt.mqtt_listener: Received data: {'heartRate': 64.7, 'confidence': 19.0, 'received_at': '2026-07-05T20:31:19'}
2026-07-05 20:31:19 [INFO] __main__: Processed record_id=51 | HR=64.7 | Confidence=19.0 | HealthScore=95.2 RiskLevel=Normal Status=NORMAL
2026-07-05 20:31:21 [INFO] mqtt.mqtt_listener: Received data: {'heartRate': 58.5, 'confidence': 24.0, 'received_at': '2026-07-05T20:31:21'}
2026-07-05 20:31:21 [INFO] analytics.risk_assessment: Risk assessed as 'Low Heart Rate' (points=2). Reasons: ['Heart rate low: 58.5 BPM']
2026-07-05 20:31:21 [INFO] __main__: Processed record_id=52 | HR=58.5 | Confidence=24.0 | HealthScore=89.3 RiskLevel=Low Heart Rate Status=LOW
2026-07-05 20:31:23 [INFO] mqtt.mqtt_listener: Received data: {'heartRate': 53.9, 'confidence': 23.0, 'received_at': '2026-07-05T20:31:23'}
2026-07-05 20:31:23 [INFO] analytics.risk_assessment: Risk assessed as 'Low Heart Rate' (points=2). Reasons: ['Heart rate low: 53.9 BPM']
2026-07-05 20:31:23 [INFO] __main__: Processed record_id=53 | HR=53.9 | Confidence=23.0 | HealthScore=69.7 RiskLevel=Low Heart Rate Status=LOW
2026-07-05 20:31:25 [INFO] mqtt.mqtt_listener: Received data: {'heartRate': 49.3, 'confidence': 19.0, 'received_at': '2026-07-05T20:31:25'}
2026-07-05 20:31:25 [INFO] analytics.trend_analysis: Significant trend detected for 'heartRate': decreasing for 5 consecutive readings.
2026-07-05 20:31:25 [INFO] analytics.risk_assessment: Risk assessed as 'High Risk' (points=4). Reasons: ['Heart rate low: 49.3 BPM', 'Heart rate trending down for 5 consecutive readings']
2026-07-05 20:31:25 [INFO] __main__: Processed record_id=54 | HR=49.3 | Confidence=19.0 | HealthScore=49.7 RiskLevel=High Risk Status=HIGH_RISK
2026-07-05 20:31:27 [INFO] mqtt.mqtt_listener: Received data: {'heartRate': 47.8, 'confidence': 15.0, 'received_at': '2026-07-05T20:31:27'}
2026-07-05 20:31:27 [INFO] analytics.trend_analysis: Significant trend detected for 'heartRate': decreasing for 6 consecutive readings.
2026-07-05 20:31:27 [INFO] analytics.risk_assessment: Risk assessed as 'High Risk' (points=4). Reasons: ['Heart rate low: 47.8 BPM', 'Heart rate trending down for 6 consecutive readings']
2026-07-05 20:31:27 [INFO] __main__: Processed record_id=55 | HR=47.8 | Confidence=15.0 | HealthScore=42.4 RiskLevel=High Risk Status=HIGH_RISK
2026-07-05 20:31:29 [INFO] mqtt.mqtt_listener: Received data: {'heartRate': 47.8, 'confidence': 19.0, 'received_at': '2026-07-05T20:31:29'}
2026-07-05 20:31:29 [INFO] analytics.risk_assessment: Risk assessed as 'Low Heart Rate' (points=2). Reasons: ['Heart rate low: 47.8 BPM']
2026-07-05 20:31:29 [INFO] __main__: Processed record_id=56 | HR=47.8 | Confidence=19.0 | HealthScore=41.6 RiskLevel=Low Heart Rate Status=LOW
2026-07-05 20:31:31 [INFO] mqtt.mqtt_listener: Received data: {'heartRate': 49.3, 'confidence': 21.0, 'received_at': '2026-07-05T20:31:31'}
2026-07-05 20:31:31 [INFO] analytics.risk_assessment: Risk assessed as 'Low Heart Rate' (points=2). Reasons: ['Heart rate low: 49.3 BPM']
2026-07-05 20:31:31 [INFO] __main__: Processed record_id=57 | HR=49.3 | Confidence=21.0 | HealthScore=47.6 RiskLevel=Low Heart Rate Status=LOW
2026-07-05 20:31:33 [INFO] mqtt.mqtt_listener: Received data: {'heartRate': 49.3, 'confidence': 15.0, 'received_at': '2026-07-05T20:31:33'}
2026-07-05 20:31:33 [INFO] analytics.risk_assessment: Risk assessed as 'Low Heart Rate' (points=2). Reasons: ['Heart rate low: 49.3 BPM']
2026-07-05 20:31:33 [INFO] __main__: Processed record_id=58 | HR=49.3 | Confidence=15.0 | HealthScore=48.2 RiskLevel=Low Heart Rate Status=LOW
2026-07-05 20:31:35 [INFO] mqtt.mqtt_listener: Received data: {'heartRate': 60.1, 'confidence': 17.0, 'received_at': '2026-07-05T20:31:35'}
2026-07-05 20:31:35 [INFO] __main__: Processed record_id=59 | HR=60.1 | Confidence=17.0 | HealthScore=92.7 RiskLevel=Normal Status=NORMAL
2026-07-05 20:31:37 [INFO] mqtt.mqtt_listener: Received data: {'heartRate': 63.2, 'confidence': 18.0, 'received_at': '2026-07-05T20:31:37'}
2026-07-05 20:31:37 [INFO] __main__: Processed record_id=60 | HR=63.2 | Confidence=18.0 | HealthScore=93.7 RiskLevel=Normal Status=NORMAL
2026-07-05 20:31:39 [INFO] mqtt.mqtt_listener: Received data: {'heartRate': 67.8, 'confidence': 25.0, 'received_at': '2026-07-05T20:31:39'}
2026-07-05 20:31:39 [INFO] __main__: Processed record_id=61 | HR=67.8 | Confidence=25.0 | HealthScore=93.1 RiskLevel=Normal Status=NORMAL
2026-07-05 20:31:41 [INFO] mqtt.mqtt_listener: Received data: {'heartRate': 60.1, 'confidence': 20.0, 'received_at': '2026-07-05T20:31:41'}
2026-07-05 20:31:41 [INFO] __main__: Processed record_id=62 | HR=60.1 | Confidence=20.0 | HealthScore=93.0 RiskLevel=Normal Status=NORMAL
